<?xml version="1.0" encoding="UTF-8"?>
<testsuites name="Mocha Tests" time="6.230" tests="1" failures="0">
  <testsuite name="Root Suite" timestamp="2026-04-01T17:57:35" tests="0" file="cypress\e2e\carrinho.cy.js" time="0.000" failures="0">
  </testsuite>
  <testsuite name="Carrinho de Compras" timestamp="2026-04-01T17:57:35" tests="1" time="6.223" failures="0">
    <testcase name="Carrinho de Compras Adicionar um produto ao carrinho com sucesso" time="3.003" classname="Adicionar um produto ao carrinho com sucesso">
    </testcase>
  </testsuite>
</testsuites>